Performing C SOURCE FILE Test CMAKE_HAVE_LIBC_PTHREAD failed with the following output:
Change Dir: /home/pi/gr-iridium/build/gr-osmosdr/build/CMakeFiles/CMakeTmp

Run Build Command(s):/usr/bin/make cmTC_1fed3/fast && /usr/bin/make -f CMakeFiles/cmTC_1fed3.dir/build.make CMakeFiles/cmTC_1fed3.dir/build
make[1]: Entering directory '/home/pi/gr-iridium/build/gr-osmosdr/build/CMakeFiles/CMakeTmp'
Building C object CMakeFiles/cmTC_1fed3.dir/src.c.o
/usr/bin/cc   -DCMAKE_HAVE_LIBC_PTHREAD   -o CMakeFiles/cmTC_1fed3.dir/src.c.o   -c /home/pi/gr-iridium/build/gr-osmosdr/build/CMakeFiles/CMakeTmp/src.c
Linking C executable cmTC_1fed3
/usr/bin/cmake -E cmake_link_script CMakeFiles/cmTC_1fed3.dir/link.txt --verbose=1
/usr/bin/cc  -DCMAKE_HAVE_LIBC_PTHREAD    -rdynamic CMakeFiles/cmTC_1fed3.dir/src.c.o  -o cmTC_1fed3 
/usr/bin/ld: CMakeFiles/cmTC_1fed3.dir/src.c.o: in function `main':
src.c:(.text+0x40): undefined reference to `pthread_create'
/usr/bin/ld: src.c:(.text+0x4c): undefined reference to `pthread_detach'
/usr/bin/ld: src.c:(.text+0x5c): undefined reference to `pthread_join'
collect2: error: ld returned 1 exit status
make[1]: *** [CMakeFiles/cmTC_1fed3.dir/build.make:87: cmTC_1fed3] Error 1
make[1]: Leaving directory '/home/pi/gr-iridium/build/gr-osmosdr/build/CMakeFiles/CMakeTmp'
make: *** [Makefile:121: cmTC_1fed3/fast] Error 2


Source file was:
#include <pthread.h>

void* test_func(void* data)
{
  return data;
}

int main(void)
{
  pthread_t thread;
  pthread_create(&thread, NULL, test_func, NULL);
  pthread_detach(thread);
  pthread_join(thread, NULL);
  pthread_atfork(NULL, NULL, NULL);
  pthread_exit(NULL);

  return 0;
}

Determining if the function pthread_create exists in the pthreads failed with the following output:
Change Dir: /home/pi/gr-iridium/build/gr-osmosdr/build/CMakeFiles/CMakeTmp

Run Build Command(s):/usr/bin/make cmTC_a8dcb/fast && /usr/bin/make -f CMakeFiles/cmTC_a8dcb.dir/build.make CMakeFiles/cmTC_a8dcb.dir/build
make[1]: Entering directory '/home/pi/gr-iridium/build/gr-osmosdr/build/CMakeFiles/CMakeTmp'
Building C object CMakeFiles/cmTC_a8dcb.dir/CheckFunctionExists.c.o
/usr/bin/cc   -DCHECK_FUNCTION_EXISTS=pthread_create   -o CMakeFiles/cmTC_a8dcb.dir/CheckFunctionExists.c.o   -c /usr/share/cmake-3.16/Modules/CheckFunctionExists.c
Linking C executable cmTC_a8dcb
/usr/bin/cmake -E cmake_link_script CMakeFiles/cmTC_a8dcb.dir/link.txt --verbose=1
/usr/bin/cc  -DCHECK_FUNCTION_EXISTS=pthread_create    -rdynamic CMakeFiles/cmTC_a8dcb.dir/CheckFunctionExists.c.o  -o cmTC_a8dcb  -lpthreads 
/usr/bin/ld: cannot find -lpthreads
collect2: error: ld returned 1 exit status
make[1]: *** [CMakeFiles/cmTC_a8dcb.dir/build.make:87: cmTC_a8dcb] Error 1
make[1]: Leaving directory '/home/pi/gr-iridium/build/gr-osmosdr/build/CMakeFiles/CMakeTmp'
make: *** [Makefile:121: cmTC_a8dcb/fast] Error 2



Performing C++ SOURCE FILE Test HAVE_MACH_ABSOLUTE_TIME failed with the following output:
Change Dir: /home/pi/gr-iridium/build/gr-osmosdr/build/CMakeFiles/CMakeTmp

Run Build Command(s):/usr/bin/make cmTC_30036/fast && /usr/bin/make -f CMakeFiles/cmTC_30036.dir/build.make CMakeFiles/cmTC_30036.dir/build
make[1]: Entering directory '/home/pi/gr-iridium/build/gr-osmosdr/build/CMakeFiles/CMakeTmp'
Building CXX object CMakeFiles/cmTC_30036.dir/src.cxx.o
/usr/bin/c++    -DHAVE_MACH_ABSOLUTE_TIME   -o CMakeFiles/cmTC_30036.dir/src.cxx.o -c /home/pi/gr-iridium/build/gr-osmosdr/build/CMakeFiles/CMakeTmp/src.cxx
/home/pi/gr-iridium/build/gr-osmosdr/build/CMakeFiles/CMakeTmp/src.cxx:2:14: fatal error: mach/mach_time.h: No such file or directory
     #include <mach/mach_time.h>
              ^~~~~~~~~~~~~~~~~~
compilation terminated.
make[1]: *** [CMakeFiles/cmTC_30036.dir/build.make:66: CMakeFiles/cmTC_30036.dir/src.cxx.o] Error 1
make[1]: Leaving directory '/home/pi/gr-iridium/build/gr-osmosdr/build/CMakeFiles/CMakeTmp'
make: *** [Makefile:121: cmTC_30036/fast] Error 2


Source file was:

    #include <mach/mach_time.h>
    int main(){
        mach_timebase_info_data_t info;
        mach_timebase_info(&info);
        mach_absolute_time();
        return 0;
    }
    
Performing C++ SOURCE FILE Test HAVE_QUERY_PERFORMANCE_COUNTER failed with the following output:
Change Dir: /home/pi/gr-iridium/build/gr-osmosdr/build/CMakeFiles/CMakeTmp

Run Build Command(s):/usr/bin/make cmTC_70fe7/fast && /usr/bin/make -f CMakeFiles/cmTC_70fe7.dir/build.make CMakeFiles/cmTC_70fe7.dir/build
make[1]: Entering directory '/home/pi/gr-iridium/build/gr-osmosdr/build/CMakeFiles/CMakeTmp'
Building CXX object CMakeFiles/cmTC_70fe7.dir/src.cxx.o
/usr/bin/c++    -DHAVE_QUERY_PERFORMANCE_COUNTER   -o CMakeFiles/cmTC_70fe7.dir/src.cxx.o -c /home/pi/gr-iridium/build/gr-osmosdr/build/CMakeFiles/CMakeTmp/src.cxx
/home/pi/gr-iridium/build/gr-osmosdr/build/CMakeFiles/CMakeTmp/src.cxx:2:14: fatal error: Windows.h: No such file or directory
     #include <Windows.h>
              ^~~~~~~~~~~
compilation terminated.
make[1]: *** [CMakeFiles/cmTC_70fe7.dir/build.make:66: CMakeFiles/cmTC_70fe7.dir/src.cxx.o] Error 1
make[1]: Leaving directory '/home/pi/gr-iridium/build/gr-osmosdr/build/CMakeFiles/CMakeTmp'
make: *** [Makefile:121: cmTC_70fe7/fast] Error 2


Source file was:

    #include <Windows.h>
    int main(){
        LARGE_INTEGER value;
        QueryPerformanceCounter(&value);
        QueryPerformanceFrequency(&value);
        return 0;
    }
    
